09/01/2020 22:22:45	This log contains information about the import schema operation into project 'jrsdb' on computer 'BLWIN2012' by user 'Administrator'.
09/01/2020 22:22:45	Import of database schema has started.
09/01/2020 22:22:50	Gathering database options
09/01/2020 22:22:51	Gathering users
09/01/2020 22:22:51	Gathering roles
09/01/2020 22:22:51	Gathering application roles
09/01/2020 22:22:51	Gathering role memberships
09/01/2020 22:22:51	Gathering filegroups
09/01/2020 22:22:51	Gathering full-text catalogs
09/01/2020 22:22:51	Gathering assemblies
09/01/2020 22:22:51	Gathering certificates
09/01/2020 22:22:51	Gathering asymmetric keys
09/01/2020 22:22:51	Gathering symmetric keys
09/01/2020 22:22:51	Gathering encrypted symmetric keys
09/01/2020 22:22:51	Gathering schemas
09/01/2020 22:22:51	Gathering XML schema collections
09/01/2020 22:22:51	Gathering user-defined data types
09/01/2020 22:22:51	Gathering user-defined types
09/01/2020 22:22:51	Gathering table types
09/01/2020 22:22:51	Gathering unique keys for table types
09/01/2020 22:22:51	Gathering primary keys for table types
09/01/2020 22:22:51	Gathering indexes for table types
09/01/2020 22:22:51	Gathering check constraints for table types
09/01/2020 22:22:51	Gathering default constraints for table types
09/01/2020 22:22:51	Gathering partition functions
09/01/2020 22:22:51	Gathering partition schemes
09/01/2020 22:22:51	Gathering functions
09/01/2020 22:22:51	Gathering encrypted functions
09/01/2020 22:22:51	Gathering aggregates
09/01/2020 22:22:51	Gathering procedures
09/01/2020 22:22:51	Gathering encrypted procedures
09/01/2020 22:22:51	Gathering tables
09/01/2020 22:22:52	Gathering primary keys
09/01/2020 22:22:52	Gathering unique constraints
09/01/2020 22:22:52	Gathering foreign keys
09/01/2020 22:22:52	Gathering default constraints
09/01/2020 22:22:52	Gathering check constraints
09/01/2020 22:22:52	Gathering views
09/01/2020 22:22:52	Gathering encrypted views
09/01/2020 22:22:52	Gathering indexes
09/01/2020 22:22:52	Gathering statistics
09/01/2020 22:22:52	Gathering full-text index stoplists
09/01/2020 22:22:52	Gathering search property lists
09/01/2020 22:22:52	Gathering search properties
09/01/2020 22:22:52	Gathering full-text indexes
09/01/2020 22:22:52	Gathering column store indexes
09/01/2020 22:22:52	Gathering spatial indexes
09/01/2020 22:22:52	Gathering XML indexes
09/01/2020 22:22:52	Gathering Selective XML indexes
09/01/2020 22:22:52	Gathering encrypted triggers
09/01/2020 22:22:52	Gathering triggers
09/01/2020 22:22:52	Gathering encrypted and clr ddl triggers
09/01/2020 22:22:52	Gathering ddl triggers
09/01/2020 22:22:53	Gathering synonyms
09/01/2020 22:22:53	Gathering defaults
09/01/2020 22:22:53	Gathering data constraint uddt bindings
09/01/2020 22:22:53	Gathering rules
09/01/2020 22:22:53	Gathering data constraint uddt bindings
09/01/2020 22:22:53	Gathering message types
09/01/2020 22:22:53	Gathering queues
09/01/2020 22:22:53	Gathering contracts
09/01/2020 22:22:53	Gathering services
09/01/2020 22:22:53	Gathering event notifications
09/01/2020 22:22:53	Gathering remote service bindings
09/01/2020 22:22:54	Gathering broker priorities
09/01/2020 22:22:54	Gathering signatures
09/01/2020 22:22:54	Gathering data compression options
09/01/2020 22:22:54	Gathering sequence types
09/01/2020 22:22:54	Gathering extended properties
09/01/2020 22:22:54	Gathering credentials
09/01/2020 22:22:54	Gathering logins
09/01/2020 22:22:55	Gathering server audits
09/01/2020 22:22:58	Scanning project for duplicate elements
09/01/2020 22:22:58	Finished duplicate element processing
09/01/2020 22:22:59	Finished importing database.
09/01/2020 22:22:59	A summary of the import was saved to the following location: C:\Users\Administrator\Source\Repos\jrs\jrsdb\Import Schema Logs\jrsdb_20200109092245.log
09/01/2020 22:22:59	Click Finish to continue...
